<?xml version="1.0" encoding="UTF-8"?>
<!-- Generated by org.testng.reporters.JUnitReportReporter -->
<testsuite hostname="DESKTOP-ID05AMG" failures="0" tests="1" name="CodePractice.MisllneaousSmallConceptsPractie" time="0.031" errors="0" timestamp="2024-10-02T13:57:44 IST" skipped="0">
  <testcase classname="CodePractice.MisllneaousSmallConceptsPractie" name="strCompare" time="0.031"/>
</testsuite> <!-- CodePractice.MisllneaousSmallConceptsPractie -->
