<?xml version="1.0" encoding="UTF-8"?>
<!-- Generated by org.testng.reporters.JUnitReportReporter -->
<testsuite hostname="DESKTOP-ID05AMG" failures="0" tests="1" name="CodePractice_OOPS.CallingInterface" time="0.051" errors="0" timestamp="2024-09-30T23:43:36 IST" skipped="0">
  <testcase classname="CodePractice_OOPS.CallingInterface" name="printingAcer" time="0.051"/>
</testsuite> <!-- CodePractice_OOPS.CallingInterface -->
