<?xml version="1.0" encoding="UTF-8"?>
<!-- Generated by org.testng.reporters.JUnitReportReporter -->
<testsuite hostname="DESKTOP-ID05AMG" failures="0" tests="1" name="PersonalLoan.Test1" time="0.000" errors="0" timestamp="2024-06-23T01:51:00 IST" skipped="0">
  <testcase classname="PersonalLoan.Test1" name="RestApitestCase" time="0.000"/>
</testsuite> <!-- PersonalLoan.Test1 -->
