<?xml version="1.0" encoding="UTF-8"?>
<!-- Generated by org.testng.reporters.JUnitReportReporter -->
<testsuite hostname="DESKTOP-ID05AMG" failures="0" tests="1" name="Static_This_Super.ChildSuperThisClass" time="0.024" errors="0" timestamp="2024-09-29T23:35:24 IST" skipped="0">
  <testcase classname="Static_This_Super.ChildSuperThisClass" name="printSuper" time="0.024"/>
</testsuite> <!-- Static_This_Super.ChildSuperThisClass -->
