<?xml version="1.0" encoding="UTF-8"?>
<!-- Generated by org.testng.reporters.JUnitReportReporter -->
<testsuite hostname="DESKTOP-ID05AMG" failures="0" tests="1" name="CodePractice.TwoPointerApproachExample" time="0.021" errors="0" timestamp="2024-09-30T02:01:24 IST" skipped="0">
  <testcase classname="CodePractice.TwoPointerApproachExample" name="hasTwoSum" time="0.021"/>
</testsuite> <!-- CodePractice.TwoPointerApproachExample -->
