<?xml version="1.0" encoding="UTF-8"?>
<!-- Generated by org.testng.reporters.JUnitReportReporter -->
<testsuite hostname="DESKTOP-ID05AMG" failures="0" tests="1" name="polymorphism.Runner" time="0.024" errors="0" timestamp="2024-10-01T17:01:09 IST" skipped="0">
  <testcase classname="polymorphism.Runner" name="runningPolymorphism" time="0.024"/>
</testsuite> <!-- polymorphism.Runner -->
