<?xml version="1.0" encoding="UTF-8"?>
<!-- Generated by org.testng.reporters.JUnitReportReporter -->
<testsuite hostname="DESKTOP-ID05AMG" failures="0" tests="2" name="OOPsConcept.Childclass" time="0.052" errors="0" timestamp="2024-06-24T11:06:51 IST" skipped="0">
  <testcase classname="OOPsConcept.Childclass" name="test1" time="0.037"/>
  <testcase classname="OOPsConcept.Childclass" name="test2" time="0.015"/>
</testsuite> <!-- OOPsConcept.Childclass -->
