<?xml version="1.0" encoding="UTF-8"?>
<!-- Generated by org.testng.reporters.JUnitReportReporter -->
<testsuite hostname="DESKTOP-ID05AMG" failures="0" tests="1" name="CodePractice.CountCharactersInSentence" time="0.025" errors="0" timestamp="2024-09-27T17:03:46 IST" skipped="0">
  <testcase classname="CodePractice.CountCharactersInSentence" name="sentence" time="0.025"/>
</testsuite> <!-- CodePractice.CountCharactersInSentence -->
