<?xml version="1.0" encoding="UTF-8"?>
<!-- Generated by org.testng.reporters.JUnitReportReporter -->
<testsuite hostname="DESKTOP-ID05AMG" failures="0" tests="2" name="CodePractice.ReverseANumberAndFactorial" time="0.027" errors="0" timestamp="2024-10-02T01:37:20 IST" skipped="0">
  <testcase classname="CodePractice.ReverseANumberAndFactorial" name="check" time="0.024"/>
  <testcase classname="CodePractice.ReverseANumberAndFactorial" name="checkFactorial" time="0.003"/>
</testsuite> <!-- CodePractice.ReverseANumberAndFactorial -->
