<?xml version="1.0" encoding="UTF-8"?>
<!-- Generated by org.testng.reporters.JUnitReportReporter -->
<testsuite hostname="DESKTOP-ID05AMG" failures="0" tests="1" name="HomeLoan.Test2" time="0.028" errors="0" timestamp="2024-09-19T18:44:56 IST" skipped="0">
  <testcase classname="HomeLoan.Test2" name="testingParameter" time="0.028"/>
</testsuite> <!-- HomeLoan.Test2 -->
