<?xml version="1.0" encoding="UTF-8"?>
<!-- Generated by org.testng.reporters.JUnitReportReporter -->
<testsuite hostname="DESKTOP-ID05AMG" failures="0" tests="1" name="InterFaceAndAbstractClass.PrintDetails" time="0.055" errors="0" timestamp="2024-09-29T15:15:20 IST" skipped="0">
  <testcase classname="InterFaceAndAbstractClass.PrintDetails" name="checkInterface" time="0.055"/>
</testsuite> <!-- InterFaceAndAbstractClass.PrintDetails -->
