<?xml version="1.0" encoding="UTF-8"?>
<!-- Generated by org.testng.reporters.JUnitReportReporter -->
<testsuite hostname="DESKTOP-ID05AMG" failures="0" tests="1" name="CodePractice.ReverseANumber" time="0.022" errors="0" timestamp="2024-10-02T01:27:25 IST" skipped="0">
  <testcase classname="CodePractice.ReverseANumber" name="check" time="0.022"/>
</testsuite> <!-- CodePractice.ReverseANumber -->
