<?xml version="1.0" encoding="UTF-8"?>
<!-- Generated by org.testng.reporters.JUnitReportReporter -->
<testsuite hostname="DESKTOP-ID05AMG" failures="0" tests="1" name="CodePractice.GivenAnArrayofIntegersReturnKmostFrequent" time="0.029" errors="0" timestamp="2024-10-01T23:32:19 IST" skipped="0">
  <testcase classname="CodePractice.GivenAnArrayofIntegersReturnKmostFrequent" name="runhighestElement" time="0.029"/>
</testsuite> <!-- CodePractice.GivenAnArrayofIntegersReturnKmostFrequent -->
