<?xml version="1.0" encoding="UTF-8"?>
<!-- Generated by org.testng.reporters.JUnitReportReporter -->
<testsuite hostname="DESKTOP-ID05AMG" failures="0" tests="1" name="CodePractice.arraysProlems" time="0.015" errors="0" timestamp="2024-09-28T10:25:51 IST" skipped="0">
  <testcase classname="CodePractice.arraysProlems" name="testingCheckTransition" time="0.015"/>
</testsuite> <!-- CodePractice.arraysProlems -->
