<?xml version="1.0" encoding="UTF-8"?>
<!-- Generated by org.testng.reporters.JUnitReportReporter -->
<testsuite hostname="DESKTOP-ID05AMG" failures="0" tests="1" name="FinalFinallyFinalize.testfinalAndFinally" time="0.047" errors="0" timestamp="2024-09-30T01:00:28 IST" skipped="0">
  <testcase classname="FinalFinallyFinalize.testfinalAndFinally" name="testing" time="0.047"/>
</testsuite> <!-- FinalFinallyFinalize.testfinalAndFinally -->
