<?xml version="1.0" encoding="UTF-8"?>
<!-- Generated by org.testng.reporters.JUnitReportReporter -->
<testsuite hostname="DESKTOP-ID05AMG" failures="0" tests="1" name="CodePractice.SortStringsWithSpecialCharacterBasedOnGivenPriority" time="0.031" errors="0" timestamp="2024-10-02T15:30:05 IST" skipped="0">
  <testcase classname="CodePractice.SortStringsWithSpecialCharacterBasedOnGivenPriority" name="testSpecialCHaracterSorting" time="0.031"/>
</testsuite> <!-- CodePractice.SortStringsWithSpecialCharacterBasedOnGivenPriority -->
