<?xml version="1.0" encoding="UTF-8"?>
<!-- Generated by org.testng.reporters.JUnitReportReporter -->
<testsuite hostname="DESKTOP-ID05AMG" failures="0" tests="1" name="CodePractice.hasmapExperiment" time="0.024" errors="0" timestamp="2024-10-01T22:28:35 IST" skipped="0">
  <testcase classname="CodePractice.hasmapExperiment" name="testmaps" time="0.024"/>
</testsuite> <!-- CodePractice.hasmapExperiment -->
