<?xml version="1.0" encoding="UTF-8"?>
<!-- Generated by org.testng.reporters.JUnitReportReporter -->
<testsuite hostname="DESKTOP-ID05AMG" failures="0" tests="1" name="CodePractice.FibonacciSeries" time="0.067" errors="0" timestamp="2024-09-28T12:17:09 IST" skipped="0">
  <testcase classname="CodePractice.FibonacciSeries" name="printseries" time="0.067"/>
</testsuite> <!-- CodePractice.FibonacciSeries -->
