<?xml version="1.0" encoding="UTF-8"?>
<!-- Generated by org.testng.reporters.JUnitReportReporter -->
<testsuite hostname="DESKTOP-ID05AMG" failures="0" tests="1" name="HomeLoan.Test1" time="0.016" errors="0" timestamp="2024-06-23T01:51:01 IST" skipped="0">
  <testcase classname="HomeLoan.Test1" name="MobileLogout" time="0.016"/>
</testsuite> <!-- HomeLoan.Test1 -->
