<?xml version="1.0" encoding="UTF-8"?>
<!-- Generated by org.testng.reporters.JUnitReportReporter -->
<testsuite hostname="DESKTOP-ID05AMG" failures="0" tests="1" name="CodePractice.FindTotalNumofContinuousSubarraysWhoseSumEqualsK" time="0.021" errors="0" timestamp="2024-10-01T20:31:21 IST" skipped="0">
  <testcase classname="CodePractice.FindTotalNumofContinuousSubarraysWhoseSumEqualsK" name="checkKSumCode" time="0.021"/>
</testsuite> <!-- CodePractice.FindTotalNumofContinuousSubarraysWhoseSumEqualsK -->
